\BOOKMARK [0][-]{chapter.1}{\376\377\000O\000v\000e\000r\000v\000i\000e\000w}{}% 1
\BOOKMARK [0][-]{chapter.2}{\376\377\000K\000e\000y\000\040\000F\000e\000a\000t\000u\000r\000e\000s}{}% 2
\BOOKMARK [1][-]{section.2.1}{\376\377\000A\000p\000p\000l\000i\000c\000a\000t\000i\000o\000n\000\040\000F\000e\000a\000t\000u\000r\000e\000s}{chapter.2}% 3
\BOOKMARK [1][-]{section.2.2}{\376\377\000D\000e\000v\000e\000l\000o\000p\000m\000e\000n\000t\000\040\000F\000e\000a\000t\000u\000r\000e\000s}{chapter.2}% 4
\BOOKMARK [0][-]{chapter.3}{\376\377\000Q\000u\000i\000c\000k\000\040\000S\000t\000a\000r\000t}{}% 5
\BOOKMARK [0][-]{chapter.4}{\376\377\000D\000o\000c\000u\000m\000e\000n\000t\000a\000t\000i\000o\000n\000\040\000C\000o\000n\000t\000e\000n\000t\000s}{}% 6
\BOOKMARK [1][-]{section.4.1}{\376\377\000I\000n\000s\000t\000a\000l\000l\000a\000t\000i\000o\000n\000\040\000G\000u\000i\000d\000e}{chapter.4}% 7
\BOOKMARK [2][-]{subsection.4.1.1}{\376\377\000P\000r\000e\000r\000e\000q\000u\000i\000s\000i\000t\000e\000s}{section.4.1}% 8
\BOOKMARK [3][-]{subsubsection*.5}{\376\377\000S\000y\000s\000t\000e\000m\000\040\000R\000e\000q\000u\000i\000r\000e\000m\000e\000n\000t\000s}{subsection.4.1.1}% 9
\BOOKMARK [3][-]{subsubsection*.6}{\376\377\000S\000o\000f\000t\000w\000a\000r\000e\000\040\000R\000e\000q\000u\000i\000r\000e\000m\000e\000n\000t\000s}{subsection.4.1.1}% 10
\BOOKMARK [2][-]{subsection.4.1.2}{\376\377\000I\000n\000s\000t\000a\000l\000l\000a\000t\000i\000o\000n\000\040\000M\000e\000t\000h\000o\000d\000s}{section.4.1}% 11
\BOOKMARK [3][-]{subsubsection*.7}{\376\377\000M\000e\000t\000h\000o\000d\000\040\0001\000:\000\040\000D\000o\000c\000k\000e\000r\000\040\000I\000n\000s\000t\000a\000l\000l\000a\000t\000i\000o\000n\000\040\000\050\000R\000e\000c\000o\000m\000m\000e\000n\000d\000e\000d\000\051}{subsection.4.1.2}% 12
\BOOKMARK [3][-]{subsubsection*.8}{\376\377\000M\000e\000t\000h\000o\000d\000\040\0002\000:\000\040\000M\000a\000n\000u\000a\000l\000\040\000I\000n\000s\000t\000a\000l\000l\000a\000t\000i\000o\000n}{subsection.4.1.2}% 13
\BOOKMARK [2][-]{subsection.4.1.3}{\376\377\000E\000n\000v\000i\000r\000o\000n\000m\000e\000n\000t\000\040\000C\000o\000n\000f\000i\000g\000u\000r\000a\000t\000i\000o\000n}{section.4.1}% 14
\BOOKMARK [3][-]{subsubsection*.9}{\376\377\000E\000n\000v\000i\000r\000o\000n\000m\000e\000n\000t\000\040\000V\000a\000r\000i\000a\000b\000l\000e\000s}{subsection.4.1.3}% 15
\BOOKMARK [2][-]{subsection.4.1.4}{\376\377\000T\000r\000o\000u\000b\000l\000e\000s\000h\000o\000o\000t\000i\000n\000g}{section.4.1}% 16
\BOOKMARK [3][-]{subsubsection*.10}{\376\377\000D\000o\000c\000k\000e\000r\000\040\000I\000s\000s\000u\000e\000s}{subsection.4.1.4}% 17
\BOOKMARK [3][-]{subsubsection*.11}{\376\377\000P\000e\000r\000m\000i\000s\000s\000i\000o\000n\000\040\000I\000s\000s\000u\000e\000s\000\040\000\050\000L\000i\000n\000u\000x\000\051}{subsection.4.1.4}% 18
\BOOKMARK [3][-]{subsubsection*.12}{\376\377\000P\000y\000t\000h\000o\000n\000/\000N\000o\000d\000e\000\040\000I\000s\000s\000u\000e\000s}{subsection.4.1.4}% 19
\BOOKMARK [2][-]{subsection.4.1.5}{\376\377\000V\000e\000r\000i\000f\000y\000i\000n\000g\000\040\000I\000n\000s\000t\000a\000l\000l\000a\000t\000i\000o\000n}{section.4.1}% 20
\BOOKMARK [2][-]{subsection.4.1.6}{\376\377\000B\000u\000i\000l\000d\000i\000n\000g\000\040\000D\000o\000c\000u\000m\000e\000n\000t\000a\000t\000i\000o\000n}{section.4.1}% 21
\BOOKMARK [3][-]{subsubsection*.13}{\376\377\000Q\000u\000i\000c\000k\000\040\000B\000u\000i\000l\000d}{subsection.4.1.6}% 22
\BOOKMARK [3][-]{subsubsection*.14}{\376\377\000M\000a\000n\000u\000a\000l\000\040\000B\000u\000i\000l\000d}{subsection.4.1.6}% 23
\BOOKMARK [3][-]{subsubsection*.15}{\376\377\000R\000e\000b\000u\000i\000l\000d\000i\000n\000g\000\040\000D\000o\000c\000u\000m\000e\000n\000t\000a\000t\000i\000o\000n}{subsection.4.1.6}% 24
\BOOKMARK [3][-]{subsubsection*.16}{\376\377\000D\000o\000c\000u\000m\000e\000n\000t\000a\000t\000i\000o\000n\000\040\000R\000e\000q\000u\000i\000r\000e\000m\000e\000n\000t\000s}{subsection.4.1.6}% 25
\BOOKMARK [3][-]{subsubsection*.17}{\376\377\000D\000o\000w\000n\000l\000o\000a\000d\000i\000n\000g\000\040\000D\000o\000c\000u\000m\000e\000n\000t\000a\000t\000i\000o\000n}{subsection.4.1.6}% 26
\BOOKMARK [2][-]{subsection.4.1.7}{\376\377\000N\000e\000x\000t\000\040\000S\000t\000e\000p\000s}{section.4.1}% 27
\BOOKMARK [1][-]{section.4.2}{\376\377\000Q\000u\000i\000c\000k\000\040\000S\000t\000a\000r\000t\000\040\000G\000u\000i\000d\000e}{chapter.4}% 28
\BOOKMARK [2][-]{subsection.4.2.1}{\376\377\000O\000v\000e\000r\000v\000i\000e\000w}{section.4.2}% 29
\BOOKMARK [2][-]{subsection.4.2.2}{\376\377\000S\000t\000a\000r\000t\000i\000n\000g\000\040\000t\000h\000e\000\040\000A\000p\000p\000l\000i\000c\000a\000t\000i\000o\000n}{section.4.2}% 30
\BOOKMARK [3][-]{subsubsection*.18}{\376\377\000U\000s\000i\000n\000g\000\040\000D\000o\000c\000k\000e\000r\000\040\000\050\000r\000e\000c\000o\000m\000m\000e\000n\000d\000e\000d\000\051}{subsection.4.2.2}% 31
\BOOKMARK [3][-]{subsubsection*.19}{\376\377\000S\000o\000f\000t\000\040\000M\000a\000n\000u\000a\000l\000\040\000S\000t\000a\000r\000t\000\040\000\050\000U\000s\000i\000n\000g\000\040\000l\000o\000c\000a\000l\000-\000b\000u\000i\000l\000d\000\040\000s\000h\000e\000l\000l\000\040\000s\000c\000r\000i\000p\000t\000\051}{subsection.4.2.2}% 32
\BOOKMARK [3][-]{subsubsection*.20}{\376\377\000M\000a\000n\000u\000a\000l\000\040\000S\000t\000a\000r\000t}{subsection.4.2.2}% 33
\BOOKMARK [3][-]{subsubsection*.21}{\376\377\000A\000c\000c\000e\000s\000s\000\040\000t\000h\000e\000\040\000A\000p\000p\000l\000i\000c\000a\000t\000i\000o\000n}{subsection.4.2.2}% 34
\BOOKMARK [3][-]{subsubsection*.22}{\376\377\000B\000u\000i\000l\000d\000\040\000t\000h\000e\000\040\000d\000o\000c\000u\000m\000e\000n\000t\000a\000t\000i\000o\000n}{subsection.4.2.2}% 35
\BOOKMARK [2][-]{subsection.4.2.3}{\376\377\000S\000t\000e\000p\000-\000b\000y\000-\000S\000t\000e\000p\000\040\000W\000o\000r\000k\000f\000l\000o\000w}{section.4.2}% 36
\BOOKMARK [3][-]{subsubsection*.23}{\376\377\000S\000t\000e\000p\000\040\0001\000:\000\040\000U\000p\000l\000o\000a\000d\000\040\000T\000r\000a\000i\000n\000i\000n\000g\000\040\000D\000a\000t\000a\000s\000e\000t}{subsection.4.2.3}% 37
\BOOKMARK [3][-]{subsubsection*.24}{\376\377\000S\000t\000e\000p\000\040\0002\000:\000\040\000C\000o\000n\000f\000i\000g\000u\000r\000e\000\040\000H\000y\000p\000e\000r\000p\000a\000r\000a\000m\000e\000t\000e\000r\000s}{subsection.4.2.3}% 38
\BOOKMARK [3][-]{subsubsection*.25}{\376\377\000S\000t\000e\000p\000\040\0003\000:\000\040\000T\000r\000a\000i\000n\000\040\000t\000h\000e\000\040\000M\000o\000d\000e\000l}{subsection.4.2.3}% 39
\BOOKMARK [3][-]{subsubsection*.26}{\376\377\000S\000t\000e\000p\000\040\0004\000:\000\040\000M\000a\000k\000e\000\040\000P\000r\000e\000d\000i\000c\000t\000i\000o\000n\000s}{subsection.4.2.3}% 40
\BOOKMARK [2][-]{subsection.4.2.4}{\376\377\000C\000o\000m\000m\000o\000n\000\040\000W\000o\000r\000k\000f\000l\000o\000w\000s}{section.4.2}% 41
\BOOKMARK [3][-]{subsubsection*.27}{\376\377\000E\000x\000p\000e\000r\000i\000m\000e\000n\000t\000\040\000w\000i\000t\000h\000\040\000H\000y\000p\000e\000r\000p\000a\000r\000a\000m\000e\000t\000e\000r\000s}{subsection.4.2.4}% 42
\BOOKMARK [3][-]{subsubsection*.28}{\376\377\000Q\000u\000i\000c\000k\000\040\000I\000t\000e\000r\000a\000t\000i\000o\000n\000\040\000C\000y\000c\000l\000e}{subsection.4.2.4}% 43
\BOOKMARK [2][-]{subsection.4.2.5}{\376\377\000B\000e\000s\000t\000\040\000P\000r\000a\000c\000t\000i\000c\000e\000s}{section.4.2}% 44
\BOOKMARK [3][-]{subsubsection*.29}{\376\377\000D\000a\000t\000a\000s\000e\000t\000\040\000P\000r\000e\000p\000a\000r\000a\000t\000i\000o\000n}{subsection.4.2.5}% 45
\BOOKMARK [3][-]{subsubsection*.30}{\376\377\000M\000o\000d\000e\000l\000\040\000T\000r\000a\000i\000n\000i\000n\000g}{subsection.4.2.5}% 46
\BOOKMARK [3][-]{subsubsection*.31}{\376\377\000P\000e\000r\000f\000o\000r\000m\000a\000n\000c\000e\000\040\000T\000i\000p\000s}{subsection.4.2.5}% 47
\BOOKMARK [2][-]{subsection.4.2.6}{\376\377\000T\000r\000o\000u\000b\000l\000e\000s\000h\000o\000o\000t\000i\000n\000g\000\040\000Q\000u\000i\000c\000k\000\040\000S\000t\000a\000r\000t\000\040\000I\000s\000s\000u\000e\000s}{section.4.2}% 48
\BOOKMARK [2][-]{subsection.4.2.7}{\376\377\000N\000e\000x\000t\000\040\000S\000t\000e\000p\000s}{section.4.2}% 49
\BOOKMARK [1][-]{section.4.3}{\376\377\000U\000s\000a\000g\000e\000\040\000G\000u\000i\000d\000e}{chapter.4}% 50
\BOOKMARK [2][-]{subsection.4.3.1}{\376\377\000A\000p\000p\000l\000i\000c\000a\000t\000i\000o\000n\000\040\000W\000o\000r\000k\000f\000l\000o\000w}{section.4.3}% 51
\BOOKMARK [2][-]{subsection.4.3.2}{\376\377\000S\000t\000e\000p\000\040\0001\000:\000\040\000U\000p\000l\000o\000a\000d\000\040\000T\000r\000a\000i\000n\000i\000n\000g\000\040\000D\000a\000t\000a\000s\000e\000t}{section.4.3}% 52
\BOOKMARK [3][-]{subsubsection*.32}{\376\377\000D\000a\000t\000a\000s\000e\000t\000\040\000R\000e\000q\000u\000i\000r\000e\000m\000e\000n\000t\000s}{subsection.4.3.2}% 53
\BOOKMARK [3][-]{subsubsection*.33}{\376\377\000E\000x\000a\000m\000p\000l\000e\000\040\000D\000a\000t\000a\000s\000e\000t\000\040\000C\000r\000e\000a\000t\000i\000o\000n}{subsection.4.3.2}% 54
\BOOKMARK [3][-]{subsubsection*.34}{\376\377\000U\000p\000l\000o\000a\000d\000\040\000P\000r\000o\000c\000e\000s\000s}{subsection.4.3.2}% 55
\BOOKMARK [2][-]{subsection.4.3.3}{\376\377\000S\000t\000e\000p\000\040\0002\000:\000\040\000T\000r\000a\000i\000n\000\040\000M\000o\000d\000e\000l}{section.4.3}% 56
\BOOKMARK [3][-]{subsubsection*.35}{\376\377\000H\000y\000p\000e\000r\000p\000a\000r\000a\000m\000e\000t\000e\000r\000\040\000C\000o\000n\000f\000i\000g\000u\000r\000a\000t\000i\000o\000n}{subsection.4.3.3}% 57
\BOOKMARK [3][-]{subsubsection*.36}{\376\377\000R\000e\000c\000o\000m\000m\000e\000n\000d\000e\000d\000\040\000C\000o\000n\000f\000i\000g\000u\000r\000a\000t\000i\000o\000n\000s}{subsection.4.3.3}% 58
\BOOKMARK [3][-]{subsubsection*.37}{\376\377\000T\000r\000a\000i\000n\000i\000n\000g\000\040\000P\000r\000o\000c\000e\000s\000s}{subsection.4.3.3}% 59
\BOOKMARK [3][-]{subsubsection*.38}{\376\377\000U\000n\000d\000e\000r\000s\000t\000a\000n\000d\000i\000n\000g\000\040\000T\000r\000a\000i\000n\000i\000n\000g\000\040\000R\000e\000s\000u\000l\000t\000s}{subsection.4.3.3}% 60
\BOOKMARK [2][-]{subsection.4.3.4}{\376\377\000S\000t\000e\000p\000\040\0003\000:\000\040\000M\000a\000k\000e\000\040\000P\000r\000e\000d\000i\000c\000t\000i\000o\000n\000s}{section.4.3}% 61
\BOOKMARK [3][-]{subsubsection*.39}{\376\377\000B\000a\000t\000c\000h\000\040\000P\000r\000e\000d\000i\000c\000t\000i\000o\000n}{subsection.4.3.4}% 62
\BOOKMARK [3][-]{subsubsection*.40}{\376\377\000S\000i\000n\000g\000l\000e\000\040\000P\000r\000e\000d\000i\000c\000t\000i\000o\000n}{subsection.4.3.4}% 63
\BOOKMARK [2][-]{subsection.4.3.5}{\376\377\000A\000d\000v\000a\000n\000c\000e\000d\000\040\000U\000s\000a\000g\000e}{section.4.3}% 64
\BOOKMARK [3][-]{subsubsection*.41}{\376\377\000E\000x\000p\000e\000r\000i\000m\000e\000n\000t\000i\000n\000g\000\040\000w\000i\000t\000h\000\040\000H\000y\000p\000e\000r\000p\000a\000r\000a\000m\000e\000t\000e\000r\000s}{subsection.4.3.5}% 65
\BOOKMARK [3][-]{subsubsection*.42}{\376\377\000A\000P\000I\000\040\000U\000s\000a\000g\000e}{subsection.4.3.5}% 66
\BOOKMARK [2][-]{subsection.4.3.6}{\376\377\000T\000i\000p\000s\000\040\000a\000n\000d\000\040\000B\000e\000s\000t\000\040\000P\000r\000a\000c\000t\000i\000c\000e\000s}{section.4.3}% 67
\BOOKMARK [3][-]{subsubsection*.43}{\376\377\000D\000a\000t\000a\000s\000e\000t\000\040\000P\000r\000e\000p\000a\000r\000a\000t\000i\000o\000n}{subsection.4.3.6}% 68
\BOOKMARK [3][-]{subsubsection*.44}{\376\377\000M\000o\000d\000e\000l\000\040\000T\000r\000a\000i\000n\000i\000n\000g}{subsection.4.3.6}% 69
\BOOKMARK [3][-]{subsubsection*.45}{\376\377\000P\000r\000e\000d\000i\000c\000t\000i\000o\000n}{subsection.4.3.6}% 70
\BOOKMARK [2][-]{subsection.4.3.7}{\376\377\000T\000r\000o\000u\000b\000l\000e\000s\000h\000o\000o\000t\000i\000n\000g}{section.4.3}% 71
\BOOKMARK [3][-]{subsubsection*.46}{\376\377\000T\000r\000a\000i\000n\000i\000n\000g\000\040\000I\000s\000s\000u\000e\000s}{subsection.4.3.7}% 72
\BOOKMARK [3][-]{subsubsection*.47}{\376\377\000P\000r\000e\000d\000i\000c\000t\000i\000o\000n\000\040\000I\000s\000s\000u\000e\000s}{subsection.4.3.7}% 73
\BOOKMARK [2][-]{subsection.4.3.8}{\376\377\000K\000e\000y\000b\000o\000a\000r\000d\000\040\000S\000h\000o\000r\000t\000c\000u\000t\000s}{section.4.3}% 74
\BOOKMARK [2][-]{subsection.4.3.9}{\376\377\000N\000e\000x\000t\000\040\000S\000t\000e\000p\000s}{section.4.3}% 75
\BOOKMARK [1][-]{section.4.4}{\376\377\000D\000a\000t\000a\000s\000e\000t\000\040\000S\000p\000e\000c\000i\000f\000i\000c\000a\000t\000i\000o\000n\000s}{chapter.4}% 76
\BOOKMARK [2][-]{subsection.4.4.1}{\376\377\000T\000r\000a\000i\000n\000i\000n\000g\000\040\000D\000a\000t\000a\000s\000e\000t\000\040\000F\000o\000r\000m\000a\000t}{section.4.4}% 77
\BOOKMARK [3][-]{subsubsection*.48}{\376\377\000S\000t\000r\000u\000c\000t\000u\000r\000e}{subsection.4.4.1}% 78
\BOOKMARK [3][-]{subsubsection*.49}{\376\377\000R\000e\000q\000u\000i\000r\000e\000m\000e\000n\000t\000s}{subsection.4.4.1}% 79
\BOOKMARK [3][-]{subsubsection*.50}{\376\377\000E\000x\000a\000m\000p\000l\000e\000\040\000C\000r\000e\000a\000t\000i\000o\000n}{subsection.4.4.1}% 80
\BOOKMARK [3][-]{subsubsection*.51}{\376\377\000V\000a\000l\000i\000d\000a\000t\000i\000o\000n}{subsection.4.4.1}% 81
\BOOKMARK [2][-]{subsection.4.4.2}{\376\377\000P\000r\000e\000d\000i\000c\000t\000i\000o\000n\000\040\000D\000a\000t\000a\000s\000e\000t\000\040\000F\000o\000r\000m\000a\000t}{section.4.4}% 82
\BOOKMARK [3][-]{subsubsection*.52}{\376\377\000S\000t\000r\000u\000c\000t\000u\000r\000e}{subsection.4.4.2}% 83
\BOOKMARK [3][-]{subsubsection*.53}{\376\377\000R\000e\000q\000u\000i\000r\000e\000m\000e\000n\000t\000s}{subsection.4.4.2}% 84
\BOOKMARK [3][-]{subsubsection*.54}{\376\377\000E\000x\000a\000m\000p\000l\000e\000\040\000C\000r\000e\000a\000t\000i\000o\000n}{subsection.4.4.2}% 85
\BOOKMARK [2][-]{subsection.4.4.3}{\376\377\000D\000a\000t\000a\000\040\000P\000r\000e\000p\000r\000o\000c\000e\000s\000s\000i\000n\000g}{section.4.4}% 86
\BOOKMARK [3][-]{subsubsection*.55}{\376\377\000A\000u\000t\000o\000m\000a\000t\000i\000c\000\040\000S\000t\000a\000n\000d\000a\000r\000d\000i\000z\000a\000t\000i\000o\000n}{subsection.4.4.3}% 87
\BOOKMARK [3][-]{subsubsection*.56}{\376\377\000D\000a\000t\000a\000\040\000S\000p\000l\000i\000t\000t\000i\000n\000g}{subsection.4.4.3}% 88
\BOOKMARK [2][-]{subsection.4.4.4}{\376\377\000B\000e\000s\000t\000\040\000P\000r\000a\000c\000t\000i\000c\000e\000s}{section.4.4}% 89
\BOOKMARK [3][-]{subsubsection*.57}{\376\377\000D\000a\000t\000a\000s\000e\000t\000\040\000S\000i\000z\000e}{subsection.4.4.4}% 90
\BOOKMARK [3][-]{subsubsection*.58}{\376\377\000D\000a\000t\000a\000\040\000Q\000u\000a\000l\000i\000t\000y}{subsection.4.4.4}% 91
\BOOKMARK [3][-]{subsubsection*.59}{\376\377\000F\000e\000a\000t\000u\000r\000e\000\040\000E\000n\000g\000i\000n\000e\000e\000r\000i\000n\000g}{subsection.4.4.4}% 92
\BOOKMARK [2][-]{subsection.4.4.5}{\376\377\000C\000o\000m\000m\000o\000n\000\040\000U\000s\000e\000\040\000C\000a\000s\000e\000s}{section.4.4}% 93
\BOOKMARK [3][-]{subsubsection*.60}{\376\377\000R\000e\000g\000r\000e\000s\000s\000i\000o\000n\000\040\000P\000r\000o\000b\000l\000e\000m\000s}{subsection.4.4.5}% 94
\BOOKMARK [3][-]{subsubsection*.61}{\376\377\000S\000c\000i\000e\000n\000t\000i\000f\000i\000c\000\040\000D\000a\000t\000a}{subsection.4.4.5}% 95
\BOOKMARK [2][-]{subsection.4.4.6}{\376\377\000T\000r\000o\000u\000b\000l\000e\000s\000h\000o\000o\000t\000i\000n\000g}{section.4.4}% 96
\BOOKMARK [3][-]{subsubsection*.62}{\376\377\000C\000o\000m\000m\000o\000n\000\040\000E\000r\000r\000o\000r\000s}{subsection.4.4.6}% 97
\BOOKMARK [2][-]{subsection.4.4.7}{\376\377\000D\000a\000t\000a\000s\000e\000t\000\040\000T\000e\000m\000p\000l\000a\000t\000e\000s}{section.4.4}% 98
\BOOKMARK [3][-]{subsubsection*.63}{\376\377\000S\000i\000m\000p\000l\000e\000\040\000T\000e\000m\000p\000l\000a\000t\000e}{subsection.4.4.7}% 99
\BOOKMARK [3][-]{subsubsection*.64}{\376\377\000C\000o\000m\000p\000l\000e\000x\000\040\000T\000e\000m\000p\000l\000a\000t\000e}{subsection.4.4.7}% 100
\BOOKMARK [2][-]{subsection.4.4.8}{\376\377\000N\000e\000x\000t\000\040\000S\000t\000e\000p\000s}{section.4.4}% 101
\BOOKMARK [1][-]{section.4.5}{\376\377\000B\000a\000c\000k\000e\000n\000d\000\040\000A\000P\000I\000\040\000R\000e\000f\000e\000r\000e\000n\000c\000e}{chapter.4}% 102
\BOOKMARK [2][-]{subsection.4.5.1}{\376\377\000B\000a\000s\000e\000\040\000U\000R\000L}{section.4.5}% 103
\BOOKMARK [2][-]{subsection.4.5.2}{\376\377\000I\000n\000t\000e\000r\000a\000c\000t\000i\000v\000e\000\040\000D\000o\000c\000u\000m\000e\000n\000t\000a\000t\000i\000o\000n}{section.4.5}% 104
\BOOKMARK [2][-]{subsection.4.5.3}{\376\377\000H\000e\000a\000l\000t\000h\000\040\000\046\000\040\000S\000t\000a\000t\000u\000s\000\040\000E\000n\000d\000p\000o\000i\000n\000t\000s}{section.4.5}% 105
\BOOKMARK [3][-]{subsubsection*.65}{\376\377\000G\000E\000T\000\040\000/}{subsection.4.5.3}% 106
\BOOKMARK [3][-]{subsubsection*.66}{\376\377\000G\000E\000T\000\040\000/\000h\000e\000a\000l\000t\000h}{subsection.4.5.3}% 107
\BOOKMARK [3][-]{subsubsection*.67}{\376\377\000G\000E\000T\000\040\000/\000s\000t\000a\000t\000u\000s}{subsection.4.5.3}% 108
\BOOKMARK [2][-]{subsection.4.5.4}{\376\377\000D\000a\000t\000a\000s\000e\000t\000\040\000U\000p\000l\000o\000a\000d\000\040\000E\000n\000d\000p\000o\000i\000n\000t\000s}{section.4.5}% 109
\BOOKMARK [3][-]{subsubsection*.68}{\376\377\000P\000O\000S\000T\000\040\000/\000u\000p\000l\000o\000a\000d\000-\000f\000i\000t\000-\000d\000a\000t\000a\000s\000e\000t\000/}{subsection.4.5.4}% 110
\BOOKMARK [3][-]{subsubsection*.69}{\376\377\000P\000O\000S\000T\000\040\000/\000u\000p\000l\000o\000a\000d\000-\000p\000r\000e\000d\000i\000c\000t\000-\000d\000a\000t\000a\000s\000e\000t\000/}{subsection.4.5.4}% 111
\BOOKMARK [2][-]{subsection.4.5.5}{\376\377\000M\000o\000d\000e\000l\000\040\000T\000r\000a\000i\000n\000i\000n\000g\000\040\000E\000n\000d\000p\000o\000i\000n\000t\000s}{section.4.5}% 112
\BOOKMARK [3][-]{subsubsection*.70}{\376\377\000G\000E\000T\000\040\000/\000h\000y\000p\000e\000r\000p\000a\000r\000a\000m\000e\000t\000e\000r\000s\000/\000d\000e\000f\000a\000u\000l\000t\000s}{subsection.4.5.5}% 113
\BOOKMARK [3][-]{subsubsection*.71}{\376\377\000P\000O\000S\000T\000\040\000/\000s\000t\000a\000r\000t\000-\000t\000r\000a\000i\000n\000i\000n\000g\000/}{subsection.4.5.5}% 114
\BOOKMARK [2][-]{subsection.4.5.6}{\376\377\000P\000r\000e\000d\000i\000c\000t\000i\000o\000n\000\040\000E\000n\000d\000p\000o\000i\000n\000t\000s}{section.4.5}% 115
\BOOKMARK [3][-]{subsubsection*.72}{\376\377\000P\000O\000S\000T\000\040\000/\000s\000t\000a\000r\000t\000-\000p\000r\000e\000d\000i\000c\000t\000/}{subsection.4.5.6}% 116
\BOOKMARK [3][-]{subsubsection*.73}{\376\377\000P\000O\000S\000T\000\040\000/\000p\000r\000e\000d\000i\000c\000t\000-\000s\000i\000n\000g\000l\000e\000/}{subsection.4.5.6}% 117
\BOOKMARK [2][-]{subsection.4.5.7}{\376\377\000P\000y\000t\000h\000o\000n\000\040\000C\000l\000i\000e\000n\000t\000\040\000E\000x\000a\000m\000p\000l\000e\000s}{section.4.5}% 118
\BOOKMARK [3][-]{subsubsection*.74}{\376\377\000U\000s\000i\000n\000g\000\040\000r\000e\000q\000u\000e\000s\000t\000s\000\040\000l\000i\000b\000r\000a\000r\000y}{subsection.4.5.7}% 119
\BOOKMARK [2][-]{subsection.4.5.8}{\376\377\000E\000r\000r\000o\000r\000\040\000H\000a\000n\000d\000l\000i\000n\000g}{section.4.5}% 120
\BOOKMARK [2][-]{subsection.4.5.9}{\376\377\000R\000a\000t\000e\000\040\000L\000i\000m\000i\000t\000i\000n\000g}{section.4.5}% 121
\BOOKMARK [2][-]{subsection.4.5.10}{\376\377\000A\000u\000t\000h\000e\000n\000t\000i\000c\000a\000t\000i\000o\000n}{section.4.5}% 122
\BOOKMARK [1][-]{section.4.6}{\376\377\000F\000r\000o\000n\000t\000e\000n\000d\000\040\000C\000o\000m\000p\000o\000n\000e\000n\000t\000s}{chapter.4}% 123
\BOOKMARK [2][-]{subsection.4.6.1}{\376\377\000T\000e\000c\000h\000n\000o\000l\000o\000g\000y\000\040\000S\000t\000a\000c\000k}{section.4.6}% 124
\BOOKMARK [2][-]{subsection.4.6.2}{\376\377\000P\000r\000o\000j\000e\000c\000t\000\040\000S\000t\000r\000u\000c\000t\000u\000r\000e}{section.4.6}% 125
\BOOKMARK [2][-]{subsection.4.6.3}{\376\377\000R\000o\000o\000t\000\040\000L\000a\000y\000o\000u\000t}{section.4.6}% 126
\BOOKMARK [2][-]{subsection.4.6.4}{\376\377\000H\000o\000m\000e\000\040\000P\000a\000g\000e}{section.4.6}% 127
\BOOKMARK [2][-]{subsection.4.6.5}{\376\377\000U\000p\000l\000o\000a\000d\000\040\000P\000a\000g\000e}{section.4.6}% 128
\BOOKMARK [3][-]{subsubsection*.75}{\376\377\000S\000t\000a\000t\000e\000\040\000M\000a\000n\000a\000g\000e\000m\000e\000n\000t}{subsection.4.6.5}% 129
\BOOKMARK [3][-]{subsubsection*.76}{\376\377\000U\000p\000l\000o\000a\000d\000\040\000P\000r\000o\000c\000e\000s\000s}{subsection.4.6.5}% 130
\BOOKMARK [2][-]{subsection.4.6.6}{\376\377\000T\000r\000a\000i\000n\000\040\000P\000a\000g\000e}{section.4.6}% 131
\BOOKMARK [3][-]{subsubsection*.77}{\376\377\000S\000t\000a\000t\000e\000\040\000M\000a\000n\000a\000g\000e\000m\000e\000n\000t}{subsection.4.6.6}% 132
\BOOKMARK [3][-]{subsubsection*.78}{\376\377\000H\000y\000p\000e\000r\000p\000a\000r\000a\000m\000e\000t\000e\000r\000\040\000C\000o\000n\000t\000r\000o\000l\000s}{subsection.4.6.6}% 133
\BOOKMARK [3][-]{subsubsection*.79}{\376\377\000T\000r\000a\000i\000n\000i\000n\000g\000\040\000P\000r\000o\000c\000e\000s\000s}{subsection.4.6.6}% 134
\BOOKMARK [3][-]{subsubsection*.80}{\376\377\000R\000e\000s\000u\000l\000t\000s\000\040\000D\000i\000s\000p\000l\000a\000y}{subsection.4.6.6}% 135
\BOOKMARK [3][-]{subsubsection*.81}{\376\377\000B\000u\000t\000t\000o\000n\000\040\000L\000o\000g\000i\000c}{subsection.4.6.6}% 136
\BOOKMARK [2][-]{subsection.4.6.7}{\376\377\000P\000r\000e\000d\000i\000c\000t\000\040\000P\000a\000g\000e}{section.4.6}% 137
\BOOKMARK [3][-]{subsubsection*.82}{\376\377\000S\000t\000a\000t\000e\000\040\000M\000a\000n\000a\000g\000e\000m\000e\000n\000t}{subsection.4.6.7}% 138
\BOOKMARK [3][-]{subsubsection*.83}{\376\377\000B\000a\000t\000c\000h\000\040\000P\000r\000e\000d\000i\000c\000t\000i\000o\000n}{subsection.4.6.7}% 139
\BOOKMARK [3][-]{subsubsection*.84}{\376\377\000S\000i\000n\000g\000l\000e\000\040\000P\000r\000e\000d\000i\000c\000t\000i\000o\000n}{subsection.4.6.7}% 140
\BOOKMARK [2][-]{subsection.4.6.8}{\376\377\000S\000t\000y\000l\000i\000n\000g}{section.4.6}% 141
\BOOKMARK [3][-]{subsubsection*.85}{\376\377\000G\000l\000o\000b\000a\000l\000\040\000S\000t\000y\000l\000e\000s}{subsection.4.6.8}% 142
\BOOKMARK [3][-]{subsubsection*.86}{\376\377\000C\000o\000m\000m\000o\000n\000\040\000P\000a\000t\000t\000e\000r\000n\000s}{subsection.4.6.8}% 143
\BOOKMARK [2][-]{subsection.4.6.9}{\376\377\000E\000r\000r\000o\000r\000\040\000H\000a\000n\000d\000l\000i\000n\000g}{section.4.6}% 144
\BOOKMARK [2][-]{subsection.4.6.10}{\376\377\000R\000e\000s\000p\000o\000n\000s\000i\000v\000e\000\040\000D\000e\000s\000i\000g\000n}{section.4.6}% 145
\BOOKMARK [2][-]{subsection.4.6.11}{\376\377\000D\000a\000r\000k\000\040\000M\000o\000d\000e}{section.4.6}% 146
\BOOKMARK [2][-]{subsection.4.6.12}{\376\377\000B\000e\000s\000t\000\040\000P\000r\000a\000c\000t\000i\000c\000e\000s}{section.4.6}% 147
\BOOKMARK [2][-]{subsection.4.6.13}{\376\377\000D\000e\000v\000e\000l\000o\000p\000m\000e\000n\000t}{section.4.6}% 148
\BOOKMARK [2][-]{subsection.4.6.14}{\376\377\000N\000e\000x\000t\000\040\000S\000t\000e\000p\000s}{section.4.6}% 149
\BOOKMARK [1][-]{section.4.7}{\376\377\000N\000e\000u\000r\000a\000l\000\040\000N\000e\000t\000w\000o\000r\000k\000\040\000M\000o\000d\000u\000l\000e}{chapter.4}% 150
\BOOKMARK [2][-]{subsection.4.7.1}{\376\377\000M\000o\000d\000u\000l\000e\000\040\000O\000v\000e\000r\000v\000i\000e\000w}{section.4.7}% 151
\BOOKMARK [2][-]{subsection.4.7.2}{\376\377\000F\000a\000s\000t\000N\000e\000u\000r\000a\000l\000N\000e\000t\000w\000o\000r\000k\000\040\000C\000l\000a\000s\000s}{section.4.7}% 152
\BOOKMARK [3][-]{subsubsection*.89}{\376\377\000P\000a\000r\000a\000m\000e\000t\000e\000r\000s\000:}{subsection.4.7.2}% 153
\BOOKMARK [3][-]{subsubsection*.90}{\376\377\000E\000x\000a\000m\000p\000l\000e\000:}{subsection.4.7.2}% 154
\BOOKMARK [2][-]{subsection.4.7.3}{\376\377\000T\000o\000p\000-\000L\000e\000v\000e\000l\000\040\000F\000u\000n\000c\000t\000i\000o\000n\000s}{section.4.7}% 155
\BOOKMARK [3][-]{subsubsection*.96}{\376\377\000b\000e\000n\000c\000h\000m\000a\000r\000k\000\137\000t\000r\000a\000i\000n\000i\000n\000g\000\137\000s\000p\000e\000e\000d}{subsection.4.7.3}% 156
\BOOKMARK [3][-]{subsubsection*.98}{\376\377\000s\000t\000a\000r\000t\000\137\000p\000r\000e\000d\000i\000c\000t}{subsection.4.7.3}% 157
\BOOKMARK [3][-]{subsubsection*.100}{\376\377\000d\000e\000m\000o\000n\000s\000t\000r\000a\000t\000e\000\137\000c\000o\000n\000f\000i\000g\000u\000r\000a\000b\000i\000l\000i\000t\000y}{subsection.4.7.3}% 158
\BOOKMARK [2][-]{subsection.4.7.4}{\376\377\000D\000a\000t\000a\000\040\000H\000a\000n\000d\000l\000i\000n\000g\000\040\000M\000o\000d\000u\000l\000e}{section.4.7}% 159
\BOOKMARK [2][-]{subsection.4.7.5}{\376\377\000U\000s\000a\000g\000e\000\040\000E\000x\000a\000m\000p\000l\000e\000s}{section.4.7}% 160
\BOOKMARK [3][-]{subsubsection*.103}{\376\377\000B\000a\000s\000i\000c\000\040\000T\000r\000a\000i\000n\000i\000n\000g}{subsection.4.7.5}% 161
\BOOKMARK [3][-]{subsubsection*.104}{\376\377\000C\000u\000s\000t\000o\000m\000\040\000C\000o\000n\000f\000i\000g\000u\000r\000a\000t\000i\000o\000n}{subsection.4.7.5}% 162
\BOOKMARK [3][-]{subsubsection*.105}{\376\377\000U\000s\000i\000n\000g\000\040\000B\000e\000n\000c\000h\000m\000a\000r\000k\000\040\000F\000u\000n\000c\000t\000i\000o\000n}{subsection.4.7.5}% 163
\BOOKMARK [3][-]{subsubsection*.106}{\376\377\000M\000a\000k\000i\000n\000g\000\040\000P\000r\000e\000d\000i\000c\000t\000i\000o\000n\000s}{subsection.4.7.5}% 164
\BOOKMARK [3][-]{subsubsection*.107}{\376\377\000M\000o\000d\000e\000l\000\040\000E\000v\000a\000l\000u\000a\000t\000i\000o\000n}{subsection.4.7.5}% 165
\BOOKMARK [3][-]{subsubsection*.108}{\376\377\000G\000e\000t\000t\000i\000n\000g\000\040\000M\000o\000d\000e\000l\000\040\000P\000a\000r\000a\000m\000e\000t\000e\000r\000s}{subsection.4.7.5}% 166
\BOOKMARK [2][-]{subsection.4.7.6}{\376\377\000S\000e\000e\000\040\000A\000l\000s\000o}{section.4.7}% 167
\BOOKMARK [1][-]{section.4.8}{\376\377\000P\000e\000r\000f\000o\000r\000m\000a\000n\000c\000e\000\040\000a\000n\000d\000\040\000P\000r\000o\000f\000i\000l\000i\000n\000g}{chapter.4}% 168
\BOOKMARK [2][-]{subsection.4.8.1}{\376\377\000E\000x\000e\000c\000u\000t\000i\000v\000e\000\040\000S\000u\000m\000m\000a\000r\000y}{section.4.8}% 169
\BOOKMARK [2][-]{subsection.4.8.2}{\376\377\000T\000e\000s\000t\000\040\000C\000o\000n\000f\000i\000g\000u\000r\000a\000t\000i\000o\000n}{section.4.8}% 170
\BOOKMARK [2][-]{subsection.4.8.3}{\376\377\000B\000e\000n\000c\000h\000m\000a\000r\000k\000\040\000R\000e\000s\000u\000l\000t\000s}{section.4.8}% 171
\BOOKMARK [3][-]{subsubsection*.109}{\376\377\000T\000r\000a\000i\000n\000i\000n\000g\000\040\000T\000i\000m\000e\000\040\000A\000n\000a\000l\000y\000s\000i\000s}{subsection.4.8.3}% 172
\BOOKMARK [3][-]{subsubsection*.110}{\376\377\000S\000c\000a\000l\000i\000n\000g\000\040\000B\000e\000h\000a\000v\000i\000o\000r}{subsection.4.8.3}% 173
\BOOKMARK [2][-]{subsection.4.8.4}{\376\377\000M\000e\000m\000o\000r\000y\000\040\000P\000r\000o\000f\000i\000l\000i\000n\000g}{section.4.8}% 174
\BOOKMARK [3][-]{subsubsection*.111}{\376\377\000T\000r\000a\000i\000n\000i\000n\000g\000\040\000M\000e\000m\000o\000r\000y\000\040\000U\000s\000a\000g\000e}{subsection.4.8.4}% 175
\BOOKMARK [3][-]{subsubsection*.112}{\376\377\000P\000r\000e\000d\000i\000c\000t\000i\000o\000n\000\040\000M\000e\000m\000o\000r\000y\000\040\000U\000s\000a\000g\000e}{subsection.4.8.4}% 176
\BOOKMARK [3][-]{subsubsection*.113}{\376\377\000M\000e\000m\000o\000r\000y\000\040\000B\000r\000e\000a\000k\000d\000o\000w\000n}{subsection.4.8.4}% 177
\BOOKMARK [2][-]{subsection.4.8.5}{\376\377\000A\000c\000c\000u\000r\000a\000c\000y\000\040\000M\000e\000t\000r\000i\000c\000s}{section.4.8}% 178
\BOOKMARK [3][-]{subsubsection*.114}{\376\377\000R\0002\000\040\000S\000c\000o\000r\000e\000\040\000A\000n\000a\000l\000y\000s\000i\000s}{subsection.4.8.5}% 179
\BOOKMARK [3][-]{subsubsection*.115}{\376\377\000E\000r\000r\000o\000r\000\040\000M\000e\000t\000r\000i\000c\000s}{subsection.4.8.5}% 180
\BOOKMARK [3][-]{subsubsection*.116}{\376\377\000A\000c\000c\000u\000r\000a\000c\000y\000\040\000v\000s\000.\000\040\000D\000a\000t\000a\000s\000e\000t\000\040\000S\000i\000z\000e}{subsection.4.8.5}% 181
\BOOKMARK [2][-]{subsection.4.8.6}{\376\377\000C\000o\000m\000p\000u\000t\000a\000t\000i\000o\000n\000a\000l\000\040\000C\000h\000a\000r\000a\000c\000t\000e\000r\000i\000s\000t\000i\000c\000s}{section.4.8}% 182
\BOOKMARK [3][-]{subsubsection*.117}{\376\377\000T\000r\000a\000i\000n\000i\000n\000g\000\040\000S\000p\000e\000e\000d\000\040\000B\000r\000e\000a\000k\000d\000o\000w\000n}{subsection.4.8.6}% 183
\BOOKMARK [3][-]{subsubsection*.118}{\376\377\000E\000a\000r\000l\000y\000\040\000S\000t\000o\000p\000p\000i\000n\000g\000\040\000I\000m\000p\000a\000c\000t}{subsection.4.8.6}% 184
\BOOKMARK [3][-]{subsubsection*.119}{\376\377\000C\000P\000U\000\040\000U\000t\000i\000l\000i\000z\000a\000t\000i\000o\000n}{subsection.4.8.6}% 185
\BOOKMARK [2][-]{subsection.4.8.7}{\376\377\000M\000o\000d\000e\000l\000\040\000S\000i\000z\000e\000\040\000a\000n\000d\000\040\000S\000t\000o\000r\000a\000g\000e}{section.4.8}% 186
\BOOKMARK [3][-]{subsubsection*.120}{\376\377\000S\000e\000r\000i\000a\000l\000i\000z\000e\000d\000\040\000M\000o\000d\000e\000l\000\040\000S\000i\000z\000e}{subsection.4.8.7}% 187
\BOOKMARK [3][-]{subsubsection*.121}{\376\377\000S\000t\000o\000r\000a\000g\000e\000\040\000R\000e\000q\000u\000i\000r\000e\000m\000e\000n\000t\000s}{subsection.4.8.7}% 188
\BOOKMARK [2][-]{subsection.4.8.8}{\376\377\000S\000c\000a\000l\000a\000b\000i\000l\000i\000t\000y\000\040\000A\000n\000a\000l\000y\000s\000i\000s}{section.4.8}% 189
\BOOKMARK [3][-]{subsubsection*.122}{\376\377\000P\000r\000o\000j\000e\000c\000t\000e\000d\000\040\000P\000e\000r\000f\000o\000r\000m\000a\000n\000c\000e}{subsection.4.8.8}% 190
\BOOKMARK [3][-]{subsubsection*.123}{\376\377\000B\000o\000t\000t\000l\000e\000n\000e\000c\000k\000\040\000A\000n\000a\000l\000y\000s\000i\000s}{subsection.4.8.8}% 191
\BOOKMARK [2][-]{subsection.4.8.9}{\376\377\000C\000o\000m\000p\000a\000r\000i\000s\000o\000n\000\040\000w\000i\000t\000h\000\040\000A\000l\000t\000e\000r\000n\000a\000t\000i\000v\000e\000s}{section.4.8}% 192
\BOOKMARK [3][-]{subsubsection*.124}{\376\377\000v\000s\000.\000\040\000T\000r\000a\000d\000i\000t\000i\000o\000n\000a\000l\000\040\000M\000e\000t\000h\000o\000d\000s}{subsection.4.8.9}% 193
\BOOKMARK [2][-]{subsection.4.8.10}{\376\377\000B\000e\000s\000t\000\040\000P\000r\000a\000c\000t\000i\000c\000e\000s}{section.4.8}% 194
\BOOKMARK [3][-]{subsubsection*.125}{\376\377\000D\000a\000t\000a\000s\000e\000t\000\040\000S\000i\000z\000e\000\040\000R\000e\000c\000o\000m\000m\000e\000n\000d\000a\000t\000i\000o\000n\000s}{subsection.4.8.10}% 195
\BOOKMARK [3][-]{subsubsection*.126}{\376\377\000H\000y\000p\000e\000r\000p\000a\000r\000a\000m\000e\000t\000e\000r\000\040\000T\000u\000n\000i\000n\000g}{subsection.4.8.10}% 196
\BOOKMARK [3][-]{subsubsection*.127}{\376\377\000M\000e\000m\000o\000r\000y\000\040\000O\000p\000t\000i\000m\000i\000z\000a\000t\000i\000o\000n}{subsection.4.8.10}% 197
\BOOKMARK [3][-]{subsubsection*.128}{\376\377\000P\000e\000r\000f\000o\000r\000m\000a\000n\000c\000e\000\040\000M\000o\000n\000i\000t\000o\000r\000i\000n\000g}{subsection.4.8.10}% 198
\BOOKMARK [2][-]{subsection.4.8.11}{\376\377\000R\000u\000n\000n\000i\000n\000g\000\040\000B\000e\000n\000c\000h\000m\000a\000r\000k\000s}{section.4.8}% 199
\BOOKMARK [3][-]{subsubsection*.129}{\376\377\000A\000u\000t\000o\000m\000a\000t\000e\000d\000\040\000B\000e\000n\000c\000h\000m\000a\000r\000k\000i\000n\000g}{subsection.4.8.11}% 200
\BOOKMARK [3][-]{subsubsection*.130}{\376\377\000C\000u\000s\000t\000o\000m\000\040\000B\000e\000n\000c\000h\000m\000a\000r\000k\000s}{subsection.4.8.11}% 201
\BOOKMARK [3][-]{subsubsection*.131}{\376\377\000I\000n\000t\000e\000r\000p\000r\000e\000t\000i\000n\000g\000\040\000R\000e\000s\000u\000l\000t\000s}{subsection.4.8.11}% 202
\BOOKMARK [2][-]{subsection.4.8.12}{\376\377\000P\000r\000o\000f\000i\000l\000i\000n\000g\000\040\000T\000o\000o\000l\000s}{section.4.8}% 203
\BOOKMARK [3][-]{subsubsection*.132}{\376\377\000M\000e\000m\000o\000r\000y\000\040\000P\000r\000o\000f\000i\000l\000i\000n\000g}{subsection.4.8.12}% 204
\BOOKMARK [3][-]{subsubsection*.133}{\376\377\000T\000i\000m\000e\000\040\000P\000r\000o\000f\000i\000l\000i\000n\000g}{subsection.4.8.12}% 205
\BOOKMARK [2][-]{subsection.4.8.13}{\376\377\000C\000o\000n\000c\000l\000u\000s\000i\000o\000n}{section.4.8}% 206
\BOOKMARK [2][-]{subsection.4.8.14}{\376\377\000S\000e\000e\000\040\000A\000l\000s\000o}{section.4.8}% 207
\BOOKMARK [1][-]{section.4.9}{\376\377\000T\000e\000s\000t\000i\000n\000g\000\040\000O\000v\000e\000r\000v\000i\000e\000w}{chapter.4}% 208
\BOOKMARK [2][-]{subsection.4.9.1}{\376\377\000T\000e\000s\000t\000\040\000S\000u\000i\000t\000e\000\040\000S\000u\000m\000m\000a\000r\000y}{section.4.9}% 209
\BOOKMARK [2][-]{subsection.4.9.2}{\376\377\000T\000e\000s\000t\000\040\000C\000a\000t\000e\000g\000o\000r\000i\000e\000s}{section.4.9}% 210
\BOOKMARK [3][-]{subsubsection*.134}{\376\377\000U\000n\000i\000t\000\040\000T\000e\000s\000t\000s\000\040\000\050\0002\0008\000\040\000t\000e\000s\000t\000s\000\051}{subsection.4.9.2}% 211
\BOOKMARK [3][-]{subsubsection*.135}{\376\377\000I\000n\000t\000e\000g\000r\000a\000t\000i\000o\000n\000\040\000T\000e\000s\000t\000s\000\040\000\050\0002\0004\000\040\000t\000e\000s\000t\000s\000\051}{subsection.4.9.2}% 212
\BOOKMARK [2][-]{subsection.4.9.3}{\376\377\000R\000u\000n\000n\000i\000n\000g\000\040\000T\000e\000s\000t\000s}{section.4.9}% 213
\BOOKMARK [3][-]{subsubsection*.136}{\376\377\000U\000s\000i\000n\000g\000\040\000D\000o\000c\000k\000e\000r}{subsection.4.9.3}% 214
\BOOKMARK [3][-]{subsubsection*.137}{\376\377\000M\000a\000n\000u\000a\000l\000\040\000I\000n\000s\000t\000a\000l\000l\000a\000t\000i\000o\000n}{subsection.4.9.3}% 215
\BOOKMARK [2][-]{subsection.4.9.4}{\376\377\000T\000e\000s\000t\000\040\000C\000o\000n\000f\000i\000g\000u\000r\000a\000t\000i\000o\000n}{section.4.9}% 216
\BOOKMARK [3][-]{subsubsection*.138}{\376\377\000p\000y\000t\000e\000s\000t\000.\000i\000n\000i}{subsection.4.9.4}% 217
\BOOKMARK [2][-]{subsection.4.9.5}{\376\377\000T\000e\000s\000t\000\040\000F\000i\000x\000t\000u\000r\000e\000s}{section.4.9}% 218
\BOOKMARK [3][-]{subsubsection*.139}{\376\377\000s\000a\000m\000p\000l\000e\000\137\000d\000a\000t\000a\000\137\000s\000m\000a\000l\000l}{subsection.4.9.5}% 219
\BOOKMARK [3][-]{subsubsection*.140}{\376\377\000s\000a\000m\000p\000l\000e\000\137\000d\000a\000t\000a\000\137\000m\000e\000d\000i\000u\000m}{subsection.4.9.5}% 220
\BOOKMARK [3][-]{subsubsection*.141}{\376\377\000t\000e\000m\000p\000\137\000d\000a\000t\000a\000s\000e\000t\000\137\000f\000i\000l\000e}{subsection.4.9.5}% 221
\BOOKMARK [3][-]{subsubsection*.142}{\376\377\000t\000e\000s\000t\000\137\000c\000l\000i\000e\000n\000t}{subsection.4.9.5}% 222
\BOOKMARK [3][-]{subsubsection*.143}{\376\377\000r\000e\000s\000e\000t\000\137\000g\000l\000o\000b\000a\000l\000\137\000s\000t\000a\000t\000e}{subsection.4.9.5}% 223
\BOOKMARK [2][-]{subsection.4.9.6}{\376\377\000C\000o\000v\000e\000r\000a\000g\000e\000\040\000R\000e\000p\000o\000r\000t}{section.4.9}% 224
\BOOKMARK [3][-]{subsubsection*.144}{\376\377\000C\000u\000r\000r\000e\000n\000t\000\040\000C\000o\000v\000e\000r\000a\000g\000e\000\040\000b\000y\000\040\000M\000o\000d\000u\000l\000e}{subsection.4.9.6}% 225
\BOOKMARK [3][-]{subsubsection*.145}{\376\377\000V\000i\000e\000w\000i\000n\000g\000\040\000C\000o\000v\000e\000r\000a\000g\000e\000\040\000R\000e\000p\000o\000r\000t\000s}{subsection.4.9.6}% 226
\BOOKMARK [2][-]{subsection.4.9.7}{\376\377\000E\000x\000a\000m\000p\000l\000e\000\040\000T\000e\000s\000t\000\040\000C\000a\000s\000e\000s}{section.4.9}% 227
\BOOKMARK [3][-]{subsubsection*.146}{\376\377\000U\000n\000i\000t\000\040\000T\000e\000s\000t\000\040\000E\000x\000a\000m\000p\000l\000e}{subsection.4.9.7}% 228
\BOOKMARK [3][-]{subsubsection*.147}{\376\377\000I\000n\000t\000e\000g\000r\000a\000t\000i\000o\000n\000\040\000T\000e\000s\000t\000\040\000E\000x\000a\000m\000p\000l\000e}{subsection.4.9.7}% 229
\BOOKMARK [2][-]{subsection.4.9.8}{\376\377\000C\000o\000n\000t\000i\000n\000u\000o\000u\000s\000\040\000I\000n\000t\000e\000g\000r\000a\000t\000i\000o\000n}{section.4.9}% 230
\BOOKMARK [3][-]{subsubsection*.148}{\376\377\000G\000i\000t\000H\000u\000b\000\040\000A\000c\000t\000i\000o\000n\000s\000\040\000E\000x\000a\000m\000p\000l\000e}{subsection.4.9.8}% 231
\BOOKMARK [2][-]{subsection.4.9.9}{\376\377\000W\000r\000i\000t\000i\000n\000g\000\040\000N\000e\000w\000\040\000T\000e\000s\000t\000s}{section.4.9}% 232
\BOOKMARK [3][-]{subsubsection*.149}{\376\377\000G\000u\000i\000d\000e\000l\000i\000n\000e\000s}{subsection.4.9.9}% 233
\BOOKMARK [3][-]{subsubsection*.150}{\376\377\000E\000x\000a\000m\000p\000l\000e\000\040\000N\000e\000w\000\040\000T\000e\000s\000t}{subsection.4.9.9}% 234
\BOOKMARK [2][-]{subsection.4.9.10}{\376\377\000P\000e\000r\000f\000o\000r\000m\000a\000n\000c\000e\000\040\000T\000e\000s\000t\000s}{section.4.9}% 235
\BOOKMARK [3][-]{subsubsection*.151}{\376\377\000T\000r\000a\000i\000n\000i\000n\000g\000\040\000S\000p\000e\000e\000d\000\040\000T\000e\000s\000t}{subsection.4.9.10}% 236
\BOOKMARK [2][-]{subsection.4.9.11}{\376\377\000T\000r\000o\000u\000b\000l\000e\000s\000h\000o\000o\000t\000i\000n\000g\000\040\000T\000e\000s\000t\000s}{section.4.9}% 237
\BOOKMARK [3][-]{subsubsection*.152}{\376\377\000C\000o\000m\000m\000o\000n\000\040\000I\000s\000s\000u\000e\000s}{subsection.4.9.11}% 238
\BOOKMARK [2][-]{subsection.4.9.12}{\376\377\000N\000e\000x\000t\000\040\000S\000t\000e\000p\000s}{section.4.9}% 239
\BOOKMARK [1][-]{section.4.10}{\376\377\000L\000o\000c\000a\000l\000\040\000D\000e\000p\000l\000o\000y\000m\000e\000n\000t\000\040\000G\000u\000i\000d\000e}{chapter.4}% 240
\BOOKMARK [2][-]{subsection.4.10.1}{\376\377\000Q\000u\000i\000c\000k\000\040\000D\000e\000p\000l\000o\000y\000\040\000S\000c\000r\000i\000p\000t}{section.4.10}% 241
\BOOKMARK [2][-]{subsection.4.10.2}{\376\377\000M\000a\000n\000u\000a\000l\000\040\000D\000e\000p\000l\000o\000y\000m\000e\000n\000t\000\040\000S\000t\000e\000p\000s}{section.4.10}% 242
\BOOKMARK [3][-]{subsubsection*.153}{\376\377\000S\000t\000e\000p\000\040\0001\000:\000\040\000P\000r\000e\000r\000e\000q\000u\000i\000s\000i\000t\000e\000s\000\040\000C\000h\000e\000c\000k}{subsection.4.10.2}% 243
\BOOKMARK [3][-]{subsubsection*.154}{\376\377\000S\000t\000e\000p\000\040\0002\000:\000\040\000B\000a\000c\000k\000e\000n\000d\000\040\000S\000e\000t\000u\000p}{subsection.4.10.2}% 244
\BOOKMARK [3][-]{subsubsection*.155}{\376\377\000S\000t\000e\000p\000\040\0003\000:\000\040\000F\000r\000o\000n\000t\000e\000n\000d\000\040\000S\000e\000t\000u\000p}{subsection.4.10.2}% 245
\BOOKMARK [3][-]{subsubsection*.156}{\376\377\000S\000t\000e\000p\000\040\0004\000:\000\040\000S\000t\000a\000r\000t\000\040\000S\000e\000r\000v\000i\000c\000e\000s}{subsection.4.10.2}% 246
\BOOKMARK [3][-]{subsubsection*.157}{\376\377\000S\000t\000e\000p\000\040\0005\000:\000\040\000V\000e\000r\000i\000f\000y\000\040\000D\000e\000p\000l\000o\000y\000m\000e\000n\000t}{subsection.4.10.2}% 247
\BOOKMARK [2][-]{subsection.4.10.3}{\376\377\000A\000c\000c\000e\000s\000s\000\040\000t\000h\000e\000\040\000A\000p\000p\000l\000i\000c\000a\000t\000i\000o\000n}{section.4.10}% 248
\BOOKMARK [2][-]{subsection.4.10.4}{\376\377\000U\000s\000i\000n\000g\000\040\000t\000h\000e\000\040\000A\000p\000p\000l\000i\000c\000a\000t\000i\000o\000n}{section.4.10}% 249
\BOOKMARK [3][-]{subsubsection*.158}{\376\377\000U\000p\000l\000o\000a\000d\000\040\000S\000a\000m\000p\000l\000e\000\040\000D\000a\000t\000a\000s\000e\000t}{subsection.4.10.4}% 250
\BOOKMARK [2][-]{subsection.4.10.5}{\376\377\000E\000n\000v\000i\000r\000o\000n\000m\000e\000n\000t\000\040\000C\000o\000n\000f\000i\000g\000u\000r\000a\000t\000i\000o\000n}{section.4.10}% 251
\BOOKMARK [2][-]{subsection.4.10.6}{\376\377\000M\000a\000n\000a\000g\000i\000n\000g\000\040\000S\000e\000r\000v\000i\000c\000e\000s}{section.4.10}% 252
\BOOKMARK [3][-]{subsubsection*.159}{\376\377\000S\000t\000o\000p\000\040\000S\000e\000r\000v\000i\000c\000e\000s}{subsection.4.10.6}% 253
\BOOKMARK [3][-]{subsubsection*.160}{\376\377\000R\000e\000s\000t\000a\000r\000t\000\040\000S\000e\000r\000v\000i\000c\000e\000s}{subsection.4.10.6}% 254
\BOOKMARK [3][-]{subsubsection*.161}{\376\377\000C\000h\000e\000c\000k\000\040\000R\000u\000n\000n\000i\000n\000g\000\040\000S\000e\000r\000v\000i\000c\000e\000s}{subsection.4.10.6}% 255
\BOOKMARK [3][-]{subsubsection*.162}{\376\377\000K\000i\000l\000l\000\040\000S\000e\000r\000v\000i\000c\000e\000s}{subsection.4.10.6}% 256
\BOOKMARK [2][-]{subsection.4.10.7}{\376\377\000T\000r\000o\000u\000b\000l\000e\000s\000h\000o\000o\000t\000i\000n\000g}{section.4.10}% 257
\BOOKMARK [3][-]{subsubsection*.163}{\376\377\000P\000o\000r\000t\000\040\000A\000l\000r\000e\000a\000d\000y\000\040\000i\000n\000\040\000U\000s\000e}{subsection.4.10.7}% 258
\BOOKMARK [3][-]{subsubsection*.164}{\376\377\000M\000o\000d\000u\000l\000e\000\040\000N\000o\000t\000\040\000F\000o\000u\000n\000d\000\040\000E\000r\000r\000o\000r\000s}{subsection.4.10.7}% 259
\BOOKMARK [3][-]{subsubsection*.165}{\376\377\000P\000e\000r\000m\000i\000s\000s\000i\000o\000n\000\040\000E\000r\000r\000o\000r\000s}{subsection.4.10.7}% 260
\BOOKMARK [3][-]{subsubsection*.166}{\376\377\000D\000a\000t\000a\000b\000a\000s\000e\000/\000S\000t\000a\000t\000e\000\040\000I\000s\000s\000u\000e\000s}{subsection.4.10.7}% 261
\BOOKMARK [2][-]{subsection.4.10.8}{\376\377\000P\000e\000r\000f\000o\000r\000m\000a\000n\000c\000e\000\040\000O\000p\000t\000i\000m\000i\000z\000a\000t\000i\000o\000n}{section.4.10}% 262
\BOOKMARK [3][-]{subsubsection*.167}{\376\377\000B\000a\000c\000k\000e\000n\000d\000\040\000O\000p\000t\000i\000m\000i\000z\000a\000t\000i\000o\000n}{subsection.4.10.8}% 263
\BOOKMARK [3][-]{subsubsection*.168}{\376\377\000F\000r\000o\000n\000t\000e\000n\000d\000\040\000O\000p\000t\000i\000m\000i\000z\000a\000t\000i\000o\000n}{subsection.4.10.8}% 264
\BOOKMARK [2][-]{subsection.4.10.9}{\376\377\000D\000a\000t\000a\000\040\000P\000e\000r\000s\000i\000s\000t\000e\000n\000c\000e}{section.4.10}% 265
\BOOKMARK [2][-]{subsection.4.10.10}{\376\377\000D\000e\000v\000e\000l\000o\000p\000m\000e\000n\000t\000\040\000M\000o\000d\000e\000\040\000F\000e\000a\000t\000u\000r\000e\000s}{section.4.10}% 266
\BOOKMARK [3][-]{subsubsection*.169}{\376\377\000H\000o\000t\000\040\000R\000e\000l\000o\000a\000d}{subsection.4.10.10}% 267
\BOOKMARK [3][-]{subsubsection*.170}{\376\377\000D\000e\000b\000u\000g\000\040\000M\000o\000d\000e}{subsection.4.10.10}% 268
\BOOKMARK [3][-]{subsubsection*.171}{\376\377\000A\000P\000I\000\040\000T\000e\000s\000t\000i\000n\000g}{subsection.4.10.10}% 269
\BOOKMARK [2][-]{subsection.4.10.11}{\376\377\000N\000e\000x\000t\000\040\000S\000t\000e\000p\000s}{section.4.10}% 270
\BOOKMARK [1][-]{section.4.11}{\376\377\000S\000y\000s\000t\000e\000m\000\040\000A\000r\000c\000h\000i\000t\000e\000c\000t\000u\000r\000e}{chapter.4}% 271
\BOOKMARK [2][-]{subsection.4.11.1}{\376\377\000O\000v\000e\000r\000v\000i\000e\000w}{section.4.11}% 272
\BOOKMARK [2][-]{subsection.4.11.2}{\376\377\000T\000e\000c\000h\000n\000o\000l\000o\000g\000y\000\040\000S\000t\000a\000c\000k}{section.4.11}% 273
\BOOKMARK [3][-]{subsubsection*.172}{\376\377\000F\000r\000o\000n\000t\000e\000n\000d}{subsection.4.11.2}% 274
\BOOKMARK [3][-]{subsubsection*.173}{\376\377\000B\000a\000c\000k\000e\000n\000d}{subsection.4.11.2}% 275
\BOOKMARK [2][-]{subsection.4.11.3}{\376\377\000D\000a\000t\000a\000\040\000F\000l\000o\000w}{section.4.11}% 276
\BOOKMARK [3][-]{subsubsection*.174}{\376\377\000T\000r\000a\000i\000n\000i\000n\000g\000\040\000W\000o\000r\000k\000f\000l\000o\000w}{subsection.4.11.3}% 277
\BOOKMARK [3][-]{subsubsection*.175}{\376\377\000P\000r\000e\000d\000i\000c\000t\000i\000o\000n\000\040\000W\000o\000r\000k\000f\000l\000o\000w}{subsection.4.11.3}% 278
\BOOKMARK [2][-]{subsection.4.11.4}{\376\377\000S\000t\000a\000t\000e\000\040\000M\000a\000n\000a\000g\000e\000m\000e\000n\000t}{section.4.11}% 279
\BOOKMARK [3][-]{subsubsection*.176}{\376\377\000B\000a\000c\000k\000e\000n\000d\000\040\000S\000t\000a\000t\000e}{subsection.4.11.4}% 280
\BOOKMARK [3][-]{subsubsection*.177}{\376\377\000F\000r\000o\000n\000t\000e\000n\000d\000\040\000S\000t\000a\000t\000e}{subsection.4.11.4}% 281
\BOOKMARK [2][-]{subsection.4.11.5}{\376\377\000A\000P\000I\000\040\000D\000e\000s\000i\000g\000n}{section.4.11}% 282
\BOOKMARK [3][-]{subsubsection*.178}{\376\377\000R\000E\000S\000T\000f\000u\000l\000\040\000P\000r\000i\000n\000c\000i\000p\000l\000e\000s}{subsection.4.11.5}% 283
\BOOKMARK [3][-]{subsubsection*.179}{\376\377\000E\000n\000d\000p\000o\000i\000n\000t\000s}{subsection.4.11.5}% 284
\BOOKMARK [3][-]{subsubsection*.180}{\376\377\000R\000e\000q\000u\000e\000s\000t\000/\000R\000e\000s\000p\000o\000n\000s\000e\000\040\000F\000o\000r\000m\000a\000t}{subsection.4.11.5}% 285
\BOOKMARK [2][-]{subsection.4.11.6}{\376\377\000D\000a\000t\000a\000\040\000P\000r\000o\000c\000e\000s\000s\000i\000n\000g\000\040\000P\000i\000p\000e\000l\000i\000n\000e}{section.4.11}% 286
\BOOKMARK [3][-]{subsubsection*.181}{\376\377\000D\000a\000t\000a\000\040\000V\000a\000l\000i\000d\000a\000t\000i\000o\000n}{subsection.4.11.6}% 287
\BOOKMARK [3][-]{subsubsection*.182}{\376\377\000D\000a\000t\000a\000\040\000P\000r\000e\000p\000r\000o\000c\000e\000s\000s\000i\000n\000g}{subsection.4.11.6}% 288
\BOOKMARK [2][-]{subsection.4.11.7}{\376\377\000S\000e\000c\000u\000r\000i\000t\000y\000\040\000C\000o\000n\000s\000i\000d\000e\000r\000a\000t\000i\000o\000n\000s}{section.4.11}% 289
\BOOKMARK [3][-]{subsubsection*.183}{\376\377\000C\000u\000r\000r\000e\000n\000t\000\040\000I\000m\000p\000l\000e\000m\000e\000n\000t\000a\000t\000i\000o\000n}{subsection.4.11.7}% 290
\BOOKMARK [3][-]{subsubsection*.184}{\376\377\000S\000e\000c\000u\000r\000i\000t\000y\000\040\000M\000e\000a\000s\000u\000r\000e\000s}{subsection.4.11.7}% 291
\BOOKMARK [2][-]{subsection.4.11.8}{\376\377\000S\000c\000a\000l\000a\000b\000i\000l\000i\000t\000y}{section.4.11}% 292
\BOOKMARK [3][-]{subsubsection*.185}{\376\377\000C\000u\000r\000r\000e\000n\000t\000\040\000L\000i\000m\000i\000t\000a\000t\000i\000o\000n\000s}{subsection.4.11.8}% 293
\BOOKMARK [3][-]{subsubsection*.186}{\376\377\000P\000o\000t\000e\000n\000t\000i\000a\000l\000\040\000I\000m\000p\000r\000o\000v\000e\000m\000e\000n\000t\000s}{subsection.4.11.8}% 294
\BOOKMARK [2][-]{subsection.4.11.9}{\376\377\000D\000e\000p\000l\000o\000y\000m\000e\000n\000t\000\040\000O\000p\000t\000i\000o\000n\000s}{section.4.11}% 295
\BOOKMARK [3][-]{subsubsection*.187}{\376\377\000D\000e\000v\000e\000l\000o\000p\000m\000e\000n\000t}{subsection.4.11.9}% 296
\BOOKMARK [3][-]{subsubsection*.188}{\376\377\000P\000r\000o\000d\000u\000c\000t\000i\000o\000n}{subsection.4.11.9}% 297
\BOOKMARK [2][-]{subsection.4.11.10}{\376\377\000M\000o\000n\000i\000t\000o\000r\000i\000n\000g\000\040\000\046\000\040\000L\000o\000g\000g\000i\000n\000g}{section.4.11}% 298
\BOOKMARK [3][-]{subsubsection*.189}{\376\377\000C\000u\000r\000r\000e\000n\000t\000\040\000L\000o\000g\000g\000i\000n\000g}{subsection.4.11.10}% 299
\BOOKMARK [3][-]{subsubsection*.190}{\376\377\000P\000r\000o\000d\000u\000c\000t\000i\000o\000n\000\040\000L\000o\000g\000g\000i\000n\000g}{subsection.4.11.10}% 300
\BOOKMARK [2][-]{subsection.4.11.11}{\376\377\000T\000e\000s\000t\000i\000n\000g\000\040\000S\000t\000r\000a\000t\000e\000g\000y}{section.4.11}% 301
\BOOKMARK [2][-]{subsection.4.11.12}{\376\377\000N\000e\000x\000t\000\040\000S\000t\000e\000p\000s}{section.4.11}% 302
\BOOKMARK [0][-]{chapter.5}{\376\377\000I\000n\000d\000i\000c\000e\000s\000\040\000a\000n\000d\000\040\000T\000a\000b\000l\000e\000s}{}% 303
\BOOKMARK [0][-]{chapter.6}{\376\377\000P\000r\000o\000j\000e\000c\000t\000\040\000I\000n\000f\000o\000r\000m\000a\000t\000i\000o\000n}{}% 304
\BOOKMARK [1][-]{section.6.1}{\376\377\000L\000i\000n\000k\000s}{chapter.6}% 305
\BOOKMARK [0][-]{section*.192}{\376\377\000P\000y\000t\000h\000o\000n\000\040\000M\000o\000d\000u\000l\000e\000\040\000I\000n\000d\000e\000x}{}% 306
